<?xml version="1.0" encoding="UTF-8"?>
<testng-results ignored="0" total="1" passed="1" failed="0" skipped="0">
  <reporter-output>
  </reporter-output>
  <suite started-at="2022-09-12T18:32:48 IST" name="Surefire suite" finished-at="2022-09-12T18:32:51 IST" duration-ms="2213">
    <groups>
    </groups>
    <test started-at="2022-09-12T18:32:48 IST" name="Surefire test" finished-at="2022-09-12T18:32:51 IST" duration-ms="2213">
      <class name="tests.MethodTests">
        <test-method is-config="true" signature="Setup()[pri:0, instance:tests.MethodTests@672872e1]" started-at="2022-09-12T18:32:48 IST" name="Setup" finished-at="2022-09-12T18:32:49 IST" duration-ms="404" status="PASS">
          <reporter-output>
          </reporter-output>
        </test-method> <!-- Setup -->
        <test-method signature="testGetRequest()[pri:0, instance:tests.MethodTests@672872e1]" started-at="2022-09-12T18:32:49 IST" name="testGetRequest" finished-at="2022-09-12T18:32:51 IST" duration-ms="1773" status="PASS">
          <reporter-output>
          </reporter-output>
        </test-method> <!-- testGetRequest -->
      </class> <!-- tests.MethodTests -->
    </test> <!-- Surefire test -->
  </suite> <!-- Surefire suite -->
</testng-results>
